<?xml version="1.0" encoding="UTF-8"?>
<testsuite xmlns:xsi="http://www.w3.org/2001/XMLSchema-instance" xsi:noNamespaceSchemaLocation="https://maven.apache.org/surefire/maven-surefire-plugin/xsd/surefire-test-report-3.0.xsd" version="3.0" name="runner.TestRunner" time="0.36" tests="5" errors="0" skipped="0" failures="0">
  <properties>
[...]
</properties>
  <testcase name="Validate Dashbaord page" classname="Dashboard Page" time="0.076">
    <system-out><![CDATA[
@smoke
Scenario: Validate Dashbaord page                   # src/test/resources/features/Dashboard.feature:14
  Given Login in as a User                          # stepDefinations.Dashboard.login_in_as_a_User()
  When Enter Valid Credentials with succesful login # stepDefinations.Dashboard.enter_Valid_Credentials_with_succesful_login()
  Then Validate the Dashboard Page with "Testing"   # stepDefinations.Dashboard.validate_the_Dashboard_Page(java.lang.String)
]]></system-out>
  </testcase>
  <testcase name="Validate the Login Page" classname="Login Functionality" time="0.008">
    <system-out><![CDATA[
@smoke
Scenario: Validate the Login Page  # src/test/resources/features/Login.feature:13
  Given Launch the Application URL # stepDefinations.LoginStepDef.launch_the_Application_URL()
  When Click on Login button       # stepDefinations.LoginStepDef.click_on_Login_button()
  Then Verify the Login Page       # stepDefinations.LoginStepDef.verify_the_Login_Page()
]]></system-out>
  </testcase>
  <testcase name="Read the properties file" classname="Login Functionality" time="0.01">
    <system-out><![CDATA[
@smoke @DB
Scenario Outline: Read the properties file                                                # src/test/resources/features/Login.feature:50
  Given Launch the Application URL                                                        # stepDefinations.LoginStepDef.launch_the_Application_URL()
  When Click on Login button                                                              # stepDefinations.LoginStepDef.click_on_Login_button()
  Given Read the Properties file                                                          # stepDefinations.LoginStepDef.read_the_Properties_file()
  When Read the db vallues from properties "src\test\resources\configs\config.properties" # stepDefinations.LoginStepDef.read_the_db_vallues_from_properties(java.lang.String)
  Then Prepare for the JDBC login with Oracle DB                                          # stepDefinations.LoginStepDef.prepare_for_the_JDBC_login_with_Oracle_DB()
]]></system-out>
  </testcase>
  <testcase name="Connect to JDBC with Oracle" classname="Login Functionality" time="0.005">
    <system-out><![CDATA[
@DB @smoke
Scenario: Connect to JDBC with Oracle              # src/test/resources/features/Login.feature:53
  Given Launch the Application URL                 # stepDefinations.LoginStepDef.launch_the_Application_URL()
  When Click on Login button                       # stepDefinations.LoginStepDef.click_on_Login_button()
  Given Make Connectino with JDBC using Oracle     # stepDefinations.LoginStepDef.make_Connectino_with_JDBC_using_Oracle()
  When Pass the Credentials                        # stepDefinations.LoginStepDef.pass_the_Credentials()
  Then Verify the Connection is Established or not # stepDefinations.LoginStepDef.verify_the_Connection_is_Established_or_not()
  And read teh Dept Details and Print              # stepDefinations.LoginStepDef.read_teh_Dept_Details_Print()
]]></system-out>
  </testcase>
  <testcase name="Payments Page Functionaility" classname="Payments Page" time="0.003">
    <system-out><![CDATA[
@smoke
Scenario: Payments Page Functionaility              # src/test/resources/features/Payments.feature:9
  Given Login in as a User                          # stepDefinations.Dashboard.login_in_as_a_User()
  When Enter Valid Credentials with succesful login # stepDefinations.Dashboard.enter_Valid_Credentials_with_succesful_login()
  Then Validate the Payments Page                   # stepDefinations.PaymentsStepDef.validate_the_Payments_Page()
]]></system-out>
  </testcase>
</testsuite>