<?xml version="1.0" encoding="UTF-8"?>
<testsuite xmlns:xsi="http://www.w3.org/2001/XMLSchema-instance" xsi:noNamespaceSchemaLocation="https://maven.apache.org/surefire/maven-surefire-plugin/xsd/surefire-test-report-3.0.xsd" version="3.0" name="runner.TestRunner" time="1.126" tests="10" errors="0" skipped="0" failures="0">
  <properties>
[...]
</properties>
  <testcase name="Validate Dashbaord page" classname="Dashboard Page" time="0.109"/>
  <testcase name="Validate the Login Page" classname="Login Functionality" time="0.009"/>
  <testcase name=" #1" classname="Login Functionality" time="0.009"/>
  <testcase name=" #2" classname="Login Functionality" time="0.007"/>
  <testcase name=" #3" classname="Login Functionality" time="0.005"/>
  <testcase name="Validate with Data Table Example" classname="Login Functionality" time="0.014"/>
  <testcase name="validate with File path Details" classname="Login Functionality" time="0.01"/>
  <testcase name="Read the properties file" classname="Login Functionality" time="0.007"/>
  <testcase name="Connect to JDBC with Oracle" classname="Login Functionality" time="0.725"/>
  <testcase name="Payments Page Functionaility" classname="Payments Page" time="0.012"/>
</testsuite>